<?xml version="1.0" encoding="UTF-8"?>
<!-- Generated by org.testng.reporters.JUnitXMLReporter -->
<testsuite ignored="0" hostname="MacBook-Pro" failures="0" tests="3" name="Default test" time="81.23" errors="0" timestamp="2023-04-13T11:47:32 EDT">
  <testcase classname="TESTcom.crm.qa.testcases.HomePageTest" name="verifyHomePageTitleTest" time="11.804"/>
  <testcase classname="TESTcom.crm.qa.testcases.HomePageTest" name="verifyUserNameTest" time="12.537"/>
  <testcase classname="TESTcom.crm.qa.testcases.HomePageTest" name="verifyFriendsPageLinkTest" time="16.729"/>
</testsuite> <!-- Default test -->
